# JRE version: Java(TM) SE Runtime Environment (8.0_191-b12) (build 1.8.0_191-b12)
# Java VM: Java HotSpot(TM) 64-Bit Server VM (25.191-b12 mixed mode windows-amd64 compressed oops)
Heap:
 PSYoungGen      total 185344K, used 66780K [0x00000000d5e00000, 0x00000000e3b80000, 0x0000000100000000)
  eden space 173568K, 31% used [0x00000000d5e00000,0x00000000d94095f8,0x00000000e0780000)
  from space 11776K, 97% used [0x00000000e0780000,0x00000000e12adcb0,0x00000000e1300000)
  to   space 12800K, 0% used [0x00000000e2f00000,0x00000000e2f00000,0x00000000e3b80000)
 ParOldGen       total 69632K, used 17971K [0x0000000081a00000, 0x0000000085e00000, 0x00000000d5e00000)
  object space 69632K, 25% used [0x0000000081a00000,0x0000000082b8cc90,0x0000000085e00000)
 Metaspace       used 53690K, capacity 56046K, committed 56112K, reserved 1097728K
  class space    used 7317K, capacity 7709K, committed 7728K, reserved 1048576K
GC Heap History (10 events):
Event: 17.321 GC heap before
{Heap before GC invocations=9 (full 1):
 PSYoungGen      total 70144K, used 66909K [0x00000000d5e00000, 0x00000000ddf00000, 0x0000000100000000)
  eden space 61440K, 100% used [0x00000000d5e00000,0x00000000d9a00000,0x00000000d9a00000)
  from space 8704K, 62% used [0x00000000d9a00000,0x00000000d9f574d8,0x00000000da280000)
  to   space 8192K, 0% used [0x00000000dd700000,0x00000000dd700000,0x00000000ddf00000)
 ParOldGen       total 47104K, used 6119K [0x0000000081a00000, 0x0000000084800000, 0x00000000d5e00000)
  object space 47104K, 12% used [0x0000000081a00000,0x0000000081ff9db0,0x0000000084800000)
 Metaspace       used 30421K, capacity 31476K, committed 31536K, reserved 1077248K
  class space    used 3902K, capacity 4142K, committed 4144K, reserved 1048576K
Event: 17.496 GC heap after
Heap after GC invocations=9 (full 1):
 PSYoungGen      total 122880K, used 8187K [0x00000000d5e00000, 0x00000000de280000, 0x0000000100000000)
  eden space 114688K, 0% used [0x00000000d5e00000,0x00000000d5e00000,0x00000000dce00000)
  from space 8192K, 99% used [0x00000000dd700000,0x00000000ddefecb8,0x00000000ddf00000)
  to   space 9216K, 0% used [0x00000000dce00000,0x00000000dce00000,0x00000000dd700000)
 ParOldGen       total 47104K, used 6319K [0x0000000081a00000, 0x0000000084800000, 0x00000000d5e00000)
  object space 47104K, 13% used [0x0000000081a00000,0x000000008202bdd0,0x0000000084800000)
 Metaspace       used 30421K, capacity 31476K, committed 31536K, reserved 1077248K
  class space    used 3902K, capacity 4142K, committed 4144K, reserved 1048576K
}
Event: 20.766 GC heap before
{Heap before GC invocations=10 (full 1):
 PSYoungGen      total 122880K, used 70305K [0x00000000d5e00000, 0x00000000de280000, 0x0000000100000000)
  eden space 114688K, 54% used [0x00000000d5e00000,0x00000000d9aa9998,0x00000000dce00000)
  from space 8192K, 99% used [0x00000000dd700000,0x00000000ddefecb8,0x00000000ddf00000)
  to   space 9216K, 0% used [0x00000000dce00000,0x00000000dce00000,0x00000000dd700000)
 ParOldGen       total 47104K, used 6319K [0x0000000081a00000, 0x0000000084800000, 0x00000000d5e00000)
  object space 47104K, 13% used [0x0000000081a00000,0x000000008202bdd0,0x0000000084800000)
 Metaspace       used 34070K, capacity 35324K, committed 35496K, reserved 1081344K
  class space    used 4338K, capacity 4600K, committed 4656K, reserved 1048576K
Event: 20.832 GC heap after
Heap after GC invocations=10 (full 1):
 PSYoungGen      total 123904K, used 9204K [0x00000000d5e00000, 0x00000000e1e80000, 0x0000000100000000)
  eden space 114688K, 0% used [0x00000000d5e00000,0x00000000d5e00000,0x00000000dce00000)
  from space 9216K, 99% used [0x00000000dce00000,0x00000000dd6fd1d8,0x00000000dd700000)
  to   space 10240K, 0% used [0x00000000e1480000,0x00000000e1480000,0x00000000e1e80000)
 ParOldGen       total 47104K, used 6822K [0x0000000081a00000, 0x0000000084800000, 0x00000000d5e00000)
  object space 47104K, 14% used [0x0000000081a00000,0x00000000820a9868,0x0000000084800000)
 Metaspace       used 34070K, capacity 35324K, committed 35496K, reserved 1081344K
  class space    used 4338K, capacity 4600K, committed 4656K, reserved 1048576K
}
Event: 20.832 GC heap before
{Heap before GC invocations=11 (full 2):
 PSYoungGen      total 123904K, used 9204K [0x00000000d5e00000, 0x00000000e1e80000, 0x0000000100000000)
  eden space 114688K, 0% used [0x00000000d5e00000,0x00000000d5e00000,0x00000000dce00000)
  from space 9216K, 99% used [0x00000000dce00000,0x00000000dd6fd1d8,0x00000000dd700000)
  to   space 10240K, 0% used [0x00000000e1480000,0x00000000e1480000,0x00000000e1e80000)
 ParOldGen       total 47104K, used 6822K [0x0000000081a00000, 0x0000000084800000, 0x00000000d5e00000)
  object space 47104K, 14% used [0x0000000081a00000,0x00000000820a9868,0x0000000084800000)
 Metaspace       used 34070K, capacity 35324K, committed 35496K, reserved 1081344K
  class space    used 4338K, capacity 4600K, committed 4656K, reserved 1048576K
Event: 21.187 GC heap after
Heap after GC invocations=11 (full 2):
 PSYoungGen      total 123904K, used 0K [0x00000000d5e00000, 0x00000000e1e80000, 0x0000000100000000)
  eden space 114688K, 0% used [0x00000000d5e00000,0x00000000d5e00000,0x00000000dce00000)
  from space 9216K, 0% used [0x00000000dce00000,0x00000000dce00000,0x00000000dd700000)
  to   space 10240K, 0% used [0x00000000e1480000,0x00000000e1480000,0x00000000e1e80000)
 ParOldGen       total 69632K, used 14388K [0x0000000081a00000, 0x0000000085e00000, 0x00000000d5e00000)
  object space 69632K, 20% used [0x0000000081a00000,0x000000008280d368,0x0000000085e00000)
 Metaspace       used 34070K, capacity 35324K, committed 35496K, reserved 1081344K
  class space    used 4338K, capacity 4600K, committed 4656K, reserved 1048576K
}
Event: 30.615 GC heap before
{Heap before GC invocations=12 (full 2):
 PSYoungGen      total 123904K, used 114688K [0x00000000d5e00000, 0x00000000e1e80000, 0x0000000100000000)
  eden space 114688K, 100% used [0x00000000d5e00000,0x00000000dce00000,0x00000000dce00000)
  from space 9216K, 0% used [0x00000000dce00000,0x00000000dce00000,0x00000000dd700000)
  to   space 10240K, 0% used [0x00000000e1480000,0x00000000e1480000,0x00000000e1e80000)
 ParOldGen       total 69632K, used 14388K [0x0000000081a00000, 0x0000000085e00000, 0x00000000d5e00000)
  object space 69632K, 20% used [0x0000000081a00000,0x000000008280d368,0x0000000085e00000)
 Metaspace       used 43162K, capacity 44540K, committed 44720K, reserved 1087488K
  class space    used 5751K, capacity 6038K, committed 6064K, reserved 1048576K
Event: 30.632 GC heap after
Heap after GC invocations=12 (full 2):
 PSYoungGen      total 164352K, used 10238K [0x00000000d5e00000, 0x00000000e1e80000, 0x0000000100000000)
  eden space 154112K, 0% used [0x00000000d5e00000,0x00000000d5e00000,0x00000000df480000)
  from space 10240K, 99% used [0x00000000e1480000,0x00000000e1e7fa30,0x00000000e1e80000)
  to   space 11776K, 0% used [0x00000000e0780000,0x00000000e0780000,0x00000000e1300000)
 ParOldGen       total 69632K, used 14531K [0x0000000081a00000, 0x0000000085e00000, 0x00000000d5e00000)
  object space 69632K, 20% used [0x0000000081a00000,0x0000000082830f68,0x0000000085e00000)
 Metaspace       used 43162K, capacity 44540K, committed 44720K, reserved 1087488K
  class space    used 5751K, capacity 6038K, committed 6064K, reserved 1048576K
}
Event: 36.911 GC heap before
{Heap before GC invocations=13 (full 2):
 PSYoungGen      total 164352K, used 164350K [0x00000000d5e00000, 0x00000000e1e80000, 0x0000000100000000)
  eden space 154112K, 100% used [0x00000000d5e00000,0x00000000df480000,0x00000000df480000)
  from space 10240K, 99% used [0x00000000e1480000,0x00000000e1e7fa30,0x00000000e1e80000)
  to   space 11776K, 0% used [0x00000000e0780000,0x00000000e0780000,0x00000000e1300000)
 ParOldGen       total 69632K, used 14531K [0x0000000081a00000, 0x0000000085e00000, 0x00000000d5e00000)
  object space 69632K, 20% used [0x0000000081a00000,0x0000000082830f68,0x0000000085e00000)
 Metaspace       used 52851K, capacity 55192K, committed 55344K, reserved 1097728K
  class space    used 7207K, capacity 7628K, committed 7728K, reserved 1048576K
Event: 36.937 GC heap after
Heap after GC invocations=13 (full 2):
 PSYoungGen      total 185344K, used 11447K [0x00000000d5e00000, 0x00000000e3b80000, 0x0000000100000000)
  eden space 173568K, 0% used [0x00000000d5e00000,0x00000000d5e00000,0x00000000e0780000)
  from space 11776K, 97% used [0x00000000e0780000,0x00000000e12adcb0,0x00000000e1300000)
  to   space 12800K, 0% used [0x00000000e2f00000,0x00000000e2f00000,0x00000000e3b80000)
 ParOldGen       total 69632K, used 17971K [0x0000000081a00000, 0x0000000085e00000, 0x00000000d5e00000)
  object space 69632K, 25% used [0x0000000081a00000,0x0000000082b8cc90,0x0000000085e00000)
 Metaspace       used 52851K, capacity 55192K, committed 55344K, reserved 1097728K
  class space    used 7207K, capacity 7628K, committed 7728K, reserved 1048576K
}

