# JRE version: Java(TM) SE Runtime Environment (8.0_191-b12) (build 1.8.0_191-b12)
# Java VM: Java HotSpot(TM) 64-Bit Server VM (25.191-b12 mixed mode windows-amd64 compressed oops)
Heap:
 PSYoungGen      total 147456K, used 85971K [0x00000000d5e00000, 0x00000000e2f00000, 0x0000000100000000)
  eden space 133120K, 54% used [0x00000000d5e00000,0x00000000da485088,0x00000000de000000)
  from space 14336K, 95% used [0x00000000e2100000,0x00000000e2e6fcd8,0x00000000e2f00000)
  to   space 5120K, 0% used [0x00000000de000000,0x00000000de000000,0x00000000de500000)
 ParOldGen       total 107520K, used 24423K [0x0000000081a00000, 0x0000000088300000, 0x00000000d5e00000)
  object space 107520K, 22% used [0x0000000081a00000,0x00000000831d9eb0,0x0000000088300000)
 Metaspace       used 53673K, capacity 55982K, committed 56152K, reserved 1097728K
  class space    used 7318K, capacity 7709K, committed 7768K, reserved 1048576K
GC Heap History (10 events):
Event: 17.325 GC heap before
{Heap before GC invocations=6 (full 1):
 PSYoungGen      total 95744K, used 95553K [0x00000000d5e00000, 0x00000000dea00000, 0x0000000100000000)
  eden space 90624K, 100% used [0x00000000d5e00000,0x00000000db680000,0x00000000db680000)
  from space 5120K, 96% used [0x00000000de500000,0x00000000de9d04e8,0x00000000dea00000)
  to   space 5120K, 0% used [0x00000000de000000,0x00000000de000000,0x00000000de500000)
 ParOldGen       total 73728K, used 10019K [0x0000000081a00000, 0x0000000086200000, 0x00000000d5e00000)
  object space 73728K, 13% used [0x0000000081a00000,0x00000000823c8e00,0x0000000086200000)
 Metaspace       used 30122K, capacity 31164K, committed 31360K, reserved 1077248K
  class space    used 3888K, capacity 4108K, committed 4224K, reserved 1048576K
Event: 17.344 GC heap after
Heap after GC invocations=6 (full 1):
 PSYoungGen      total 123904K, used 5108K [0x00000000d5e00000, 0x00000000dea00000, 0x0000000100000000)
  eden space 118784K, 0% used [0x00000000d5e00000,0x00000000d5e00000,0x00000000dd200000)
  from space 5120K, 99% used [0x00000000de000000,0x00000000de4fd348,0x00000000de500000)
  to   space 5120K, 0% used [0x00000000de500000,0x00000000de500000,0x00000000dea00000)
 ParOldGen       total 73728K, used 15152K [0x0000000081a00000, 0x0000000086200000, 0x00000000d5e00000)
  object space 73728K, 20% used [0x0000000081a00000,0x00000000828cc0d0,0x0000000086200000)
 Metaspace       used 30122K, capacity 31164K, committed 31360K, reserved 1077248K
  class space    used 3888K, capacity 4108K, committed 4224K, reserved 1048576K
}
Event: 19.172 GC heap before
{Heap before GC invocations=7 (full 1):
 PSYoungGen      total 123904K, used 72728K [0x00000000d5e00000, 0x00000000dea00000, 0x0000000100000000)
  eden space 118784K, 56% used [0x00000000d5e00000,0x00000000da008db0,0x00000000dd200000)
  from space 5120K, 99% used [0x00000000de000000,0x00000000de4fd348,0x00000000de500000)
  to   space 5120K, 0% used [0x00000000de500000,0x00000000de500000,0x00000000dea00000)
 ParOldGen       total 73728K, used 15152K [0x0000000081a00000, 0x0000000086200000, 0x00000000d5e00000)
  object space 73728K, 20% used [0x0000000081a00000,0x00000000828cc0d0,0x0000000086200000)
 Metaspace       used 34091K, capacity 35348K, committed 35416K, reserved 1079296K
  class space    used 4347K, capacity 4632K, committed 4696K, reserved 1048576K
Event: 19.485 GC heap after
Heap after GC invocations=7 (full 1):
 PSYoungGen      total 123904K, used 5108K [0x00000000d5e00000, 0x00000000dea00000, 0x0000000100000000)
  eden space 118784K, 0% used [0x00000000d5e00000,0x00000000d5e00000,0x00000000dd200000)
  from space 5120K, 99% used [0x00000000de500000,0x00000000de9fd030,0x00000000dea00000)
  to   space 5120K, 0% used [0x00000000de000000,0x00000000de000000,0x00000000de500000)
 ParOldGen       total 73728K, used 20238K [0x0000000081a00000, 0x0000000086200000, 0x00000000d5e00000)
  object space 73728K, 27% used [0x0000000081a00000,0x0000000082dc3a90,0x0000000086200000)
 Metaspace       used 34091K, capacity 35348K, committed 35416K, reserved 1079296K
  class space    used 4347K, capacity 4632K, committed 4696K, reserved 1048576K
}
Event: 19.485 GC heap before
{Heap before GC invocations=8 (full 2):
 PSYoungGen      total 123904K, used 5108K [0x00000000d5e00000, 0x00000000dea00000, 0x0000000100000000)
  eden space 118784K, 0% used [0x00000000d5e00000,0x00000000d5e00000,0x00000000dd200000)
  from space 5120K, 99% used [0x00000000de500000,0x00000000de9fd030,0x00000000dea00000)
  to   space 5120K, 0% used [0x00000000de000000,0x00000000de000000,0x00000000de500000)
 ParOldGen       total 73728K, used 20238K [0x0000000081a00000, 0x0000000086200000, 0x00000000d5e00000)
  object space 73728K, 27% used [0x0000000081a00000,0x0000000082dc3a90,0x0000000086200000)
 Metaspace       used 34091K, capacity 35348K, committed 35416K, reserved 1079296K
  class space    used 4347K, capacity 4632K, committed 4696K, reserved 1048576K
Event: 19.672 GC heap after
Heap after GC invocations=8 (full 2):
 PSYoungGen      total 123904K, used 0K [0x00000000d5e00000, 0x00000000dea00000, 0x0000000100000000)
  eden space 118784K, 0% used [0x00000000d5e00000,0x00000000d5e00000,0x00000000dd200000)
  from space 5120K, 0% used [0x00000000de500000,0x00000000de500000,0x00000000dea00000)
  to   space 5120K, 0% used [0x00000000de000000,0x00000000de000000,0x00000000de500000)
 ParOldGen       total 107520K, used 18955K [0x0000000081a00000, 0x0000000088300000, 0x00000000d5e00000)
  object space 107520K, 17% used [0x0000000081a00000,0x0000000082c82e48,0x0000000088300000)
 Metaspace       used 34091K, capacity 35348K, committed 35416K, reserved 1079296K
  class space    used 4347K, capacity 4632K, committed 4696K, reserved 1048576K
}
Event: 23.836 GC heap before
{Heap before GC invocations=9 (full 2):
 PSYoungGen      total 123904K, used 118784K [0x00000000d5e00000, 0x00000000dea00000, 0x0000000100000000)
  eden space 118784K, 100% used [0x00000000d5e00000,0x00000000dd200000,0x00000000dd200000)
  from space 5120K, 0% used [0x00000000de500000,0x00000000de500000,0x00000000dea00000)
  to   space 5120K, 0% used [0x00000000de000000,0x00000000de000000,0x00000000de500000)
 ParOldGen       total 107520K, used 18955K [0x0000000081a00000, 0x0000000088300000, 0x00000000d5e00000)
  object space 107520K, 17% used [0x0000000081a00000,0x0000000082c82e48,0x0000000088300000)
 Metaspace       used 43486K, capacity 44820K, committed 45016K, reserved 1087488K
  class space    used 5805K, capacity 6070K, committed 6104K, reserved 1048576K
Event: 23.880 GC heap after
Heap after GC invocations=9 (full 2):
 PSYoungGen      total 138240K, used 5113K [0x00000000d5e00000, 0x00000000e2f00000, 0x0000000100000000)
  eden space 133120K, 0% used [0x00000000d5e00000,0x00000000d5e00000,0x00000000de000000)
  from space 5120K, 99% used [0x00000000de000000,0x00000000de4fe6d8,0x00000000de500000)
  to   space 14336K, 0% used [0x00000000e2100000,0x00000000e2100000,0x00000000e2f00000)
 ParOldGen       total 107520K, used 24423K [0x0000000081a00000, 0x0000000088300000, 0x00000000d5e00000)
  object space 107520K, 22% used [0x0000000081a00000,0x00000000831d9eb0,0x0000000088300000)
 Metaspace       used 43486K, capacity 44820K, committed 45016K, reserved 1087488K
  class space    used 5805K, capacity 6070K, committed 6104K, reserved 1048576K
}
Event: 30.066 GC heap before
{Heap before GC invocations=10 (full 2):
 PSYoungGen      total 138240K, used 138233K [0x00000000d5e00000, 0x00000000e2f00000, 0x0000000100000000)
  eden space 133120K, 100% used [0x00000000d5e00000,0x00000000de000000,0x00000000de000000)
  from space 5120K, 99% used [0x00000000de000000,0x00000000de4fe6d8,0x00000000de500000)
  to   space 14336K, 0% used [0x00000000e2100000,0x00000000e2100000,0x00000000e2f00000)
 ParOldGen       total 107520K, used 24423K [0x0000000081a00000, 0x0000000088300000, 0x00000000d5e00000)
  object space 107520K, 22% used [0x0000000081a00000,0x00000000831d9eb0,0x0000000088300000)
 Metaspace       used 52461K, capacity 54440K, committed 54616K, reserved 1095680K
  class space    used 7132K, capacity 7502K, committed 7512K, reserved 1048576K
Event: 30.751 GC heap after
Heap after GC invocations=10 (full 2):
 PSYoungGen      total 147456K, used 13759K [0x00000000d5e00000, 0x00000000e2f00000, 0x0000000100000000)
  eden space 133120K, 0% used [0x00000000d5e00000,0x00000000d5e00000,0x00000000de000000)
  from space 14336K, 95% used [0x00000000e2100000,0x00000000e2e6fcd8,0x00000000e2f00000)
  to   space 5120K, 0% used [0x00000000de000000,0x00000000de000000,0x00000000de500000)
 ParOldGen       total 107520K, used 24423K [0x0000000081a00000, 0x0000000088300000, 0x00000000d5e00000)
  object space 107520K, 22% used [0x0000000081a00000,0x00000000831d9eb0,0x0000000088300000)
 Metaspace       used 52461K, capacity 54440K, committed 54616K, reserved 1095680K
  class space    used 7132K, capacity 7502K, committed 7512K, reserved 1048576K
}

