# JRE version: Java(TM) SE Runtime Environment (8.0_191-b12) (build 1.8.0_191-b12)
# Java VM: Java HotSpot(TM) 64-Bit Server VM (25.191-b12 mixed mode windows-amd64 compressed oops)
Heap:
 PSYoungGen      total 135168K, used 110832K [0x00000000d5e00000, 0x00000000ded80000, 0x0000000100000000)
  eden space 126976K, 80% used [0x00000000d5e00000,0x00000000dc240920,0x00000000dda00000)
  from space 8192K, 99% used [0x00000000ddd80000,0x00000000de57ba40,0x00000000de580000)
  to   space 5632K, 0% used [0x00000000de800000,0x00000000de800000,0x00000000ded80000)
 ParOldGen       total 64000K, used 17030K [0x0000000081a00000, 0x0000000085880000, 0x00000000d5e00000)
  object space 64000K, 26% used [0x0000000081a00000,0x0000000082aa1b60,0x0000000085880000)
 Metaspace       used 51007K, capacity 52904K, committed 53168K, reserved 1095680K
  class space    used 6966K, capacity 7312K, committed 7344K, reserved 1048576K
GC Heap History (10 events):
Event: 10.076 GC heap before
{Heap before GC invocations=7 (full 1):
 PSYoungGen      total 71680K, used 66560K [0x00000000d5e00000, 0x00000000df000000, 0x0000000100000000)
  eden space 66560K, 100% used [0x00000000d5e00000,0x00000000d9f00000,0x00000000d9f00000)
  from space 5120K, 0% used [0x00000000d9f00000,0x00000000d9f00000,0x00000000da400000)
  to   space 8192K, 0% used [0x00000000de800000,0x00000000de800000,0x00000000df000000)
 ParOldGen       total 44544K, used 5260K [0x0000000081a00000, 0x0000000084580000, 0x00000000d5e00000)
  object space 44544K, 11% used [0x0000000081a00000,0x0000000081f23050,0x0000000084580000)
 Metaspace       used 24683K, capacity 25404K, committed 25648K, reserved 1071104K
  class space    used 3147K, capacity 3334K, committed 3376K, reserved 1048576K
Event: 10.112 GC heap after
Heap after GC invocations=7 (full 1):
 PSYoungGen      total 132608K, used 5288K [0x00000000d5e00000, 0x00000000ded80000, 0x0000000100000000)
  eden space 126976K, 0% used [0x00000000d5e00000,0x00000000d5e00000,0x00000000dda00000)
  from space 5632K, 93% used [0x00000000de800000,0x00000000ded2a068,0x00000000ded80000)
  to   space 8192K, 0% used [0x00000000ddd80000,0x00000000ddd80000,0x00000000de580000)
 ParOldGen       total 44544K, used 5260K [0x0000000081a00000, 0x0000000084580000, 0x00000000d5e00000)
  object space 44544K, 11% used [0x0000000081a00000,0x0000000081f23050,0x0000000084580000)
 Metaspace       used 24683K, capacity 25404K, committed 25648K, reserved 1071104K
  class space    used 3147K, capacity 3334K, committed 3376K, reserved 1048576K
}
Event: 13.337 GC heap before
{Heap before GC invocations=8 (full 1):
 PSYoungGen      total 132608K, used 132264K [0x00000000d5e00000, 0x00000000ded80000, 0x0000000100000000)
  eden space 126976K, 100% used [0x00000000d5e00000,0x00000000dda00000,0x00000000dda00000)
  from space 5632K, 93% used [0x00000000de800000,0x00000000ded2a068,0x00000000ded80000)
  to   space 8192K, 0% used [0x00000000ddd80000,0x00000000ddd80000,0x00000000de580000)
 ParOldGen       total 44544K, used 5260K [0x0000000081a00000, 0x0000000084580000, 0x00000000d5e00000)
  object space 44544K, 11% used [0x0000000081a00000,0x0000000081f23050,0x0000000084580000)
 Metaspace       used 31847K, capacity 33096K, committed 33328K, reserved 1079296K
  class space    used 4116K, capacity 4386K, committed 4400K, reserved 1048576K
Event: 13.357 GC heap after
Heap after GC invocations=8 (full 1):
 PSYoungGen      total 135168K, used 8177K [0x00000000d5e00000, 0x00000000ded80000, 0x0000000100000000)
  eden space 126976K, 0% used [0x00000000d5e00000,0x00000000d5e00000,0x00000000dda00000)
  from space 8192K, 99% used [0x00000000ddd80000,0x00000000de57c7d0,0x00000000de580000)
  to   space 5632K, 0% used [0x00000000de800000,0x00000000de800000,0x00000000ded80000)
 ParOldGen       total 44544K, used 9411K [0x0000000081a00000, 0x0000000084580000, 0x00000000d5e00000)
  object space 44544K, 21% used [0x0000000081a00000,0x0000000082330cb8,0x0000000084580000)
 Metaspace       used 31847K, capacity 33096K, committed 33328K, reserved 1079296K
  class space    used 4116K, capacity 4386K, committed 4400K, reserved 1048576K
}
Event: 14.001 GC heap before
{Heap before GC invocations=9 (full 1):
 PSYoungGen      total 135168K, used 34182K [0x00000000d5e00000, 0x00000000ded80000, 0x0000000100000000)
  eden space 126976K, 20% used [0x00000000d5e00000,0x00000000d7765090,0x00000000dda00000)
  from space 8192K, 99% used [0x00000000ddd80000,0x00000000de57c7d0,0x00000000de580000)
  to   space 5632K, 0% used [0x00000000de800000,0x00000000de800000,0x00000000ded80000)
 ParOldGen       total 44544K, used 9411K [0x0000000081a00000, 0x0000000084580000, 0x00000000d5e00000)
  object space 44544K, 21% used [0x0000000081a00000,0x0000000082330cb8,0x0000000084580000)
 Metaspace       used 34151K, capacity 35380K, committed 35496K, reserved 1081344K
  class space    used 4341K, capacity 4600K, committed 4656K, reserved 1048576K
Event: 14.021 GC heap after
Heap after GC invocations=9 (full 1):
 PSYoungGen      total 132608K, used 5624K [0x00000000d5e00000, 0x00000000ded80000, 0x0000000100000000)
  eden space 126976K, 0% used [0x00000000d5e00000,0x00000000d5e00000,0x00000000dda00000)
  from space 5632K, 99% used [0x00000000de800000,0x00000000ded7e000,0x00000000ded80000)
  to   space 8192K, 0% used [0x00000000ddd80000,0x00000000ddd80000,0x00000000de580000)
 ParOldGen       total 44544K, used 12673K [0x0000000081a00000, 0x0000000084580000, 0x00000000d5e00000)
  object space 44544K, 28% used [0x0000000081a00000,0x00000000826604b0,0x0000000084580000)
 Metaspace       used 34151K, capacity 35380K, committed 35496K, reserved 1081344K
  class space    used 4341K, capacity 4600K, committed 4656K, reserved 1048576K
}
Event: 14.021 GC heap before
{Heap before GC invocations=10 (full 2):
 PSYoungGen      total 132608K, used 5624K [0x00000000d5e00000, 0x00000000ded80000, 0x0000000100000000)
  eden space 126976K, 0% used [0x00000000d5e00000,0x00000000d5e00000,0x00000000dda00000)
  from space 5632K, 99% used [0x00000000de800000,0x00000000ded7e000,0x00000000ded80000)
  to   space 8192K, 0% used [0x00000000ddd80000,0x00000000ddd80000,0x00000000de580000)
 ParOldGen       total 44544K, used 12673K [0x0000000081a00000, 0x0000000084580000, 0x00000000d5e00000)
  object space 44544K, 28% used [0x0000000081a00000,0x00000000826604b0,0x0000000084580000)
 Metaspace       used 34151K, capacity 35380K, committed 35496K, reserved 1081344K
  class space    used 4341K, capacity 4600K, committed 4656K, reserved 1048576K
Event: 14.114 GC heap after
Heap after GC invocations=10 (full 2):
 PSYoungGen      total 132608K, used 0K [0x00000000d5e00000, 0x00000000ded80000, 0x0000000100000000)
  eden space 126976K, 0% used [0x00000000d5e00000,0x00000000d5e00000,0x00000000dda00000)
  from space 5632K, 0% used [0x00000000de800000,0x00000000de800000,0x00000000ded80000)
  to   space 8192K, 0% used [0x00000000ddd80000,0x00000000ddd80000,0x00000000de580000)
 ParOldGen       total 64000K, used 13955K [0x0000000081a00000, 0x0000000085880000, 0x00000000d5e00000)
  object space 64000K, 21% used [0x0000000081a00000,0x00000000827a0fe0,0x0000000085880000)
 Metaspace       used 34151K, capacity 35380K, committed 35496K, reserved 1081344K
  class space    used 4341K, capacity 4600K, committed 4656K, reserved 1048576K
}
Event: 17.338 GC heap before
{Heap before GC invocations=11 (full 2):
 PSYoungGen      total 132608K, used 126976K [0x00000000d5e00000, 0x00000000ded80000, 0x0000000100000000)
  eden space 126976K, 100% used [0x00000000d5e00000,0x00000000dda00000,0x00000000dda00000)
  from space 5632K, 0% used [0x00000000de800000,0x00000000de800000,0x00000000ded80000)
  to   space 8192K, 0% used [0x00000000ddd80000,0x00000000ddd80000,0x00000000de580000)
 ParOldGen       total 64000K, used 13955K [0x0000000081a00000, 0x0000000085880000, 0x00000000d5e00000)
  object space 64000K, 21% used [0x0000000081a00000,0x00000000827a0fe0,0x0000000085880000)
 Metaspace       used 44029K, capacity 45370K, committed 45616K, reserved 1089536K
  class space    used 5881K, capacity 6167K, committed 6192K, reserved 1048576K
Event: 17.350 GC heap after
Heap after GC invocations=11 (full 2):
 PSYoungGen      total 135168K, used 8174K [0x00000000d5e00000, 0x00000000ded80000, 0x0000000100000000)
  eden space 126976K, 0% used [0x00000000d5e00000,0x00000000d5e00000,0x00000000dda00000)
  from space 8192K, 99% used [0x00000000ddd80000,0x00000000de57ba40,0x00000000de580000)
  to   space 5632K, 0% used [0x00000000de800000,0x00000000de800000,0x00000000ded80000)
 ParOldGen       total 64000K, used 17030K [0x0000000081a00000, 0x0000000085880000, 0x00000000d5e00000)
  object space 64000K, 26% used [0x0000000081a00000,0x0000000082aa1b60,0x0000000085880000)
 Metaspace       used 44029K, capacity 45370K, committed 45616K, reserved 1089536K
  class space    used 5881K, capacity 6167K, committed 6192K, reserved 1048576K
}

